Part1: 308790
9KL : SAN
BMF : 9KL
TDD : BMF
G2K : TDD
31P : G2K
97P : 31P
KZK : 97P
8HJ : KZK
9PQ : 8HJ
74P : 9PQ
7T9 : 74P
M28 : 7T9
P7Z : M28
5XS : P7Z
JN1 : 5XS
1PC : JN1
NRC : 1PC
4K7 : NRC
WQ4 : 4K7
YKG : WQ4
YG5 : YKG
DF7 : YG5
D8X : DF7
CLH : D8X
9SZ : CLH
3JM : 9SZ
1J5 : 3JM
R7F : 1J5
8X2 : R7F
KPG : 8X2
6NS : KPG
J2N : 6NS
5H7 : J2N
N4G : 5H7
NVN : N4G
YDP : NVN
CYX : YDP
P5M : CYX
TS7 : P5M
BC5 : TS7
TZK : BC5
4BX : TZK
VGM : 4BX
FXN : VGM
KR1 : FXN
VVP : KR1
SXR : VVP
RCK : SXR
RBR : RCK
KFX : RBR
41Y : KFX
LTM : 41Y
LFS : LTM
R72 : LFS
JKM : R72
4JF : JKM
K1R : 4JF
7LN : K1R
MWP : 7LN
NCZ : MWP
32H : NCZ
2QB : 32H
9N2 : 2QB
M87 : 9N2
KJ2 : M87
TGC : KJ2
YSG : TGC
ZWJ : YSG
L6T : ZWJ
SR5 : L6T
6HN : SR5
GLQ : 6HN
V8P : GLQ
H5P : V8P
5R8 : H5P
JVH : 5R8
X76 : JVH
C36 : X76
K91 : C36
5SB : K91
33M : 5SB
284 : 33M
FY2 : 284
HTF : FY2
H12 : HTF
Q3H : H12
HS8 : Q3H
NJM : HS8
NS9 : NJM
WLW : NS9
TZ7 : WLW
WJL : TZ7
CB3 : WJL
GZC : CB3
P1H : GZC
4DH : P1H
TZX : 4DH
3SF : TZX
KTS : 3SF
QKS : KTS
QX9 : QKS
69T : QX9
FFJ : 69T
KFM : FFJ
4T3 : KFM
2F9 : 4T3
ZB6 : 2F9
DNP : ZB6
KGR : DNP
BQY : KGR
ZFL : BQY
WP3 : ZFL
6SF : WP3
RKT : 6SF
GF8 : RKT
J2R : GF8
X67 : J2R
VTH : X67
CTJ : VTH
191 : CTJ
VRH : 191
V1C : VRH
LXL : V1C
H7H : LXL
3YF : H7H
W1B : 3YF
DRT : W1B
KBM : DRT
V5D : KBM
WMG : V5D
BQJ : WMG
HMH : BQJ
7WF : HMH
Z8Y : 7WF
M1V : Z8Y
F85 : M1V
3HX : F85
HSS : 3HX
7ZJ : HSS
1VV : 7ZJ
MTT : 1VV
RNZ : MTT
NV9 : RNZ
GVT : NV9
X3V : GVT
FWD : X3V
H44 : FWD
798 : H44
HZ8 : 798
BHX : HZ8
SNX : BHX
67F : SNX
1ZM : 67F
96C : 1ZM
6K6 : 96C
DK7 : 6K6
1DF : DK7
WNK : 1DF
ZKN : WNK
LG6 : ZKN
FMG : LG6
W31 : FMG
DHT : W31
YST : DHT
8DS : YST
ZNK : 8DS
268 : ZNK
92P : 268
46L : 92P
56T : 46L
B6T : 56T
F7Z : B6T
1CK : F7Z
3ZM : 1CK
HJT : 3ZM
Y87 : HJT
ST9 : Y87
WTB : ST9
ZBD : WTB
5SV : ZBD
L8K : 5SV
XK1 : L8K
YMC : XK1
MQH : YMC
NSP : MQH
RVR : NSP
LZW : RVR
47P : LZW
W45 : 47P
CS4 : W45
PYN : CS4
5MZ : PYN
KQN : 5MZ
7LD : KQN
MGG : 7LD
TGD : MGG
6C7 : TGD
W94 : 6C7
SHZ : W94
8VM : SHZ
S2K : 8VM
P1X : S2K
V3L : P1X
C1T : V3L
8K8 : C1T
8V4 : 8K8
26W : 8V4
P63 : 26W
NB8 : P63
GZB : NB8
T2T : GZB
95F : T2T
MLG : 95F
6B8 : MLG
K6N : 6B8
TVZ : K6N
BKN : TVZ
3YR : BKN
T7T : 3YR
8TJ : T7T
H4T : 8TJ
WX2 : H4T
RGW : WX2
2JV : RGW
LX4 : 2JV
3B2 : LX4
HNM : 3B2
BN5 : HNM
8F9 : BN5
Y2H : 8F9
DPH : Y2H
LTK : DPH
CDT : LTK
S25 : CDT
DVX : S25
P98 : DVX
5VK : P98
MK4 : 5VK
XJZ : MK4
YYX : XJZ
ZRC : YYX
32Q : ZRC
ZGB : 32Q
COM : ZGB
QYZ : YOU
HVV : QYZ
DJM : HVV
BMQ : DJM
D2D : BMQ
4VF : D2D
MS1 : 4VF
TL7 : MS1
Q52 : TL7
1YF : Q52
8JT : 1YF
GZZ : 8JT
M6V : GZZ
4BM : M6V
5PT : 4BM
9TP : 5PT
26R : 9TP
PYS : 26R
SVJ : PYS
58X : SVJ
179 : 58X
YLT : 179
6BH : YLT
S4M : 6BH
WB6 : S4M
BSV : WB6
696 : BSV
6BG : 696
63W : 6BG
CXG : 63W
7R1 : CXG
ZYN : 7R1
7RZ : ZYN
9XF : 7RZ
C13 : 9XF
Y8J : C13
THQ : Y8J
TWY : THQ
Z99 : TWY
QNR : Z99
C29 : QNR
SVG : C29
F26 : SVG
J25 : F26
7QY : J25
SJ1 : 7QY
L7R : SJ1
T2F : L7R
CW3 : T2F
8DJ : CW3
39T : 8DJ
3MN : 39T
VBK : 3MN
SK8 : VBK
M2G : SK8
RWZ : M2G
VZX : RWZ
1QR : VZX
3WC : 1QR
WBC : 3WC
RR1 : WBC
FTR : RR1
7SX : FTR
HFM : 7SX
6DM : HFM
F8P : 6DM
XFF : F8P
LP3 : XFF
CD7 : LP3
HV9 : CD7
B3V : HV9
6ZF : B3V
SC4 : 6ZF
DVL : SC4
LRV : DVL
S4V : LRV
34D : S4V
5NP : 34D
BKC : 5NP
K57 : BKC
9XB : K57
SXY : 9XB
H5J : SXY
5D2 : H5J
QW5 : 5D2
T9J : QW5
GPW : T9J
QM3 : GPW
735 : QM3
SR4 : 735
3FT : SR4
NS2 : 3FT
DJ2 : NS2
6VZ : DJ2
ZN9 : 6VZ
R9T : ZN9
917 : R9T
33D : 917
ZRP : 33D
4F9 : ZRP
X97 : 4F9
X9C : X97
GT4 : X9C
JRV : GT4
QWH : JRV
NMD : QWH
GJ2 : NMD
ST4 : GJ2
9FG : ST4
4V2 : 9FG
S67 : 4V2
XTV : S67
W5K : XTV
HRX : W5K
1DN : HRX
8J6 : 1DN
ZT1 : 8J6
ZGJ : ZT1
K1S : ZGJ
NX2 : K1S
FJ2 : NX2
ZXR : FJ2
TM9 : ZXR
GJQ : TM9
ZQL : GJQ
57C : ZQL
MS5 : 57C
NF9 : MS5
RVN : NF9
JZD : RVN
3V8 : JZD
5PD : 3V8
RZ2 : 5PD
XCH : RZ2
PRN : XCH
PLJ : PRN
897 : PLJ
BKR : 897
TYM : BKR
54B : TYM
KXZ : 54B
CZ7 : KXZ
3ZS : CZ7
CK3 : 3ZS
QQY : CK3
5XZ : QQY
BPL : 5XZ
S7P : BPL
PM8 : S7P
C4B : PM8
P3D : C4B
D35 : P3D
DY1 : D35
KBB : DY1
JXQ : KBB
4TK : JXQ
T11 : 4TK
ZL3 : T11
QMT : ZL3
61T : QMT
9TF : 61T
Z7Y : 9TF
HN1 : Z7Y
PMD : HN1
M2F : PMD
Z7P : M2F
JTP : Z7P
MC2 : JTP
NBW : MC2
PGD : NBW
2KN : PGD
75N : 2KN
WRX : 75N
N3C : WRX
MDP : N3C
J5J : MDP
376 : J5J
PMP : 376
TH8 : PMP
5KV : TH8
TFV : 5KV
8T7 : TFV
274 : 8T7
G18 : 274
4PB : G18
447 : 4PB
DFX : 447
2JS : DFX
F4M : 2JS
CV6 : F4M
8Z7 : CV6
GY7 : 8Z7
XVZ : GY7
X6V : XVZ
T8K : X6V
26X : T8K
ZDP : 26X
2TQ : ZDP
1VL : 2TQ
PC6 : 1VL
RYK : PC6
FLC : RYK
9FV : FLC
6V2 : 9FV
P4Z : 6V2
QR1 : P4Z
94W : QR1
2MY : 94W
RJ5 : 2MY
N6S : RJ5
S92 : N6S
9M8 : S92
8FL : 9M8
S61 : 8FL
QWG : S61
Y92 : QWG
7TT : Y92
54F : 7TT
WZM : 54F
KDB : WZM
SPL : KDB
G97 : SPL
DSF : G97
XRT : DSF
ZYR : XRT
ZK2 : ZYR
66Q : ZK2
HZV : 66Q
HLQ : HZV
VVQ : HLQ
HTW : VVQ
CLQ : HTW
YYS : CLQ
HJ6 : YYS
VWZ : HJ6
L4C : VWZ
FZF : L4C
LF9 : FZF
FYN : LF9
6SY : FYN
6W9 : 6SY
WP4 : 6W9
SF4 : WP4
8N1 : SF4
JXW : 8N1
24P : JXW
98C : 24P
Y9N : 98C
8PH : Y9N
8ZP : 8PH
8F5 : 8ZP
9QG : 8F5
FP9 : 9QG
J63 : FP9
DPK : J63
F6H : DPK
TPP : F6H
GN8 : TPP
L9P : GN8
WMK : L9P
25F : WMK
NLS : 25F
979 : NLS
N7F : 979
YSV : N7F
3LD : YSV
8RS : 3LD
WMS : 8RS
Y6B : WMS
N2F : Y6B
28Z : N2F
55J : 28Z
H8F : 55J
PT6 : H8F
JNH : PT6
P9Z : JNH
SYV : P9Z
PF7 : SYV
JHT : PF7
7LD : JHT
MGG : 7LD
TGD : MGG
6C7 : TGD
W94 : 6C7
SHZ : W94
8VM : SHZ
S2K : 8VM
P1X : S2K
V3L : P1X
C1T : V3L
8K8 : C1T
8V4 : 8K8
26W : 8V4
P63 : 26W
NB8 : P63
GZB : NB8
T2T : GZB
95F : T2T
MLG : 95F
6B8 : MLG
K6N : 6B8
TVZ : K6N
BKN : TVZ
3YR : BKN
T7T : 3YR
8TJ : T7T
H4T : 8TJ
WX2 : H4T
RGW : WX2
2JV : RGW
LX4 : 2JV
3B2 : LX4
HNM : 3B2
BN5 : HNM
8F9 : BN5
Y2H : 8F9
DPH : Y2H
LTK : DPH
CDT : LTK
S25 : CDT
DVX : S25
P98 : DVX
5VK : P98
MK4 : 5VK
XJZ : MK4
YYX : XJZ
ZRC : YYX
32Q : ZRC
ZGB : 32Q
COM : ZGB
